{"name": "test_successful_registration", "status": "broken", "statusDetails": {"message": "selenium.common.exceptions.TimeoutException: Message: \nStacktrace:\nBacktrace:\n\tGetHandleVerifier [0x00FEA813+48355]\n\t(No symbol) [0x00F7C4B1]\n\t(No symbol) [0x00E85358]\n\t(No symbol) [0x00EB09A5]\n\t(No symbol) [0x00EB0B3B]\n\t(No symbol) [0x00EDE232]\n\t(No symbol) [0x00ECA784]\n\t(No symbol) [0x00EDC922]\n\t(No symbol) [0x00ECA536]\n\t(No symbol) [0x00EA82DC]\n\t(No symbol) [0x00EA93DD]\n\tGetHandleVerifier [0x0124AABD+2539405]\n\tGetHandleVerifier [0x0128A78F+2800735]\n\tGetHandleVerifier [0x0128456C+2775612]\n\tGetHandleVerifier [0x010751E0+616112]\n\t(No symbol) [0x00F85F8C]\n\t(No symbol) [0x00F82328]\n\t(No symbol) [0x00F8240B]\n\t(No symbol) [0x00F74FF7]\n\tBaseThreadInitThunk [0x755600F9+25]\n\tRtlGetAppContainerNamedObjectPath [0x76EE7BBE+286]\n\tRtlGetAppContainerNamedObjectPath [0x76EE7B8E+238]", "trace": "driver = <selenium.webdriver.chrome.webdriver.WebDriver (session=\"1e562b3d8cf4fde8fd92b4ec7853a0b8\")>\n\n    def test_successful_registration(driver):\n        login_page = LoginPage(driver)\n        login_page.enter_email(\"rasha95109@gmail.com\")\n        actual_email=login_page.get_email()\n        login_page.enter_password(\"rashtait766g@#\")\n        login_page.click_login_button()\n>       expected_username = login_page.get_the_username_locater()\n\ntests\\test_login.py:50: \n_ _ _ _ _ _ _ _ _ _ _ _ _ _ _ _ _ _ _ _ _ _ _ _ _ _ _ _ _ _ _ _ _ _ _ _ _ _ _ _ _ _ _ _ _ _ _ _ _ _ _ _ _ _ _ _ _ _ _ _ _ _ _ _ _ _ _ _ _ _ _ _ _ _ _ _ _ _ _ _ \npages\\login_page.py:22: in get_the_username_locater\n    element = self.find_the_locater(self.username_locater)\nbase_page.py:24: in find_the_locater\n    username=self.wait.until((EC.presence_of_element_located(locater)))\n_ _ _ _ _ _ _ _ _ _ _ _ _ _ _ _ _ _ _ _ _ _ _ _ _ _ _ _ _ _ _ _ _ _ _ _ _ _ _ _ _ _ _ _ _ _ _ _ _ _ _ _ _ _ _ _ _ _ _ _ _ _ _ _ _ _ _ _ _ _ _ _ _ _ _ _ _ _ _ _ \n\nself = <selenium.webdriver.support.wait.WebDriverWait (session=\"1e562b3d8cf4fde8fd92b4ec7853a0b8\")>\nmethod = <function presence_of_element_located.<locals>._predicate at 0x00000275BCC6DEE0>, message = ''\n\n    def until(self, method, message: str = \"\"):\n        \"\"\"Calls the method provided with the driver as an argument until the \\\n        return value does not evaluate to ``False``.\n    \n        :param method: callable(WebDriver)\n        :param message: optional message for :exc:`TimeoutException`\n        :returns: the result of the last call to `method`\n        :raises: :exc:`selenium.common.exceptions.TimeoutException` if timeout occurs\n        \"\"\"\n        screen = None\n        stacktrace = None\n    \n        end_time = time.monotonic() + self._timeout\n        while True:\n            try:\n                value = method(self._driver)\n                if value:\n                    return value\n            except self._ignored_exceptions as exc:\n                screen = getattr(exc, \"screen\", None)\n                stacktrace = getattr(exc, \"stacktrace\", None)\n            time.sleep(self._poll)\n            if time.monotonic() > end_time:\n                break\n>       raise TimeoutException(message, screen, stacktrace)\nE       selenium.common.exceptions.TimeoutException: Message: \nE       Stacktrace:\nE       Backtrace:\nE       \tGetHandleVerifier [0x00FEA813+48355]\nE       \t(No symbol) [0x00F7C4B1]\nE       \t(No symbol) [0x00E85358]\nE       \t(No symbol) [0x00EB09A5]\nE       \t(No symbol) [0x00EB0B3B]\nE       \t(No symbol) [0x00EDE232]\nE       \t(No symbol) [0x00ECA784]\nE       \t(No symbol) [0x00EDC922]\nE       \t(No symbol) [0x00ECA536]\nE       \t(No symbol) [0x00EA82DC]\nE       \t(No symbol) [0x00EA93DD]\nE       \tGetHandleVerifier [0x0124AABD+2539405]\nE       \tGetHandleVerifier [0x0128A78F+2800735]\nE       \tGetHandleVerifier [0x0128456C+2775612]\nE       \tGetHandleVerifier [0x010751E0+616112]\nE       \t(No symbol) [0x00F85F8C]\nE       \t(No symbol) [0x00F82328]\nE       \t(No symbol) [0x00F8240B]\nE       \t(No symbol) [0x00F74FF7]\nE       \tBaseThreadInitThunk [0x755600F9+25]\nE       \tRtlGetAppContainerNamedObjectPath [0x76EE7BBE+286]\nE       \tRtlGetAppContainerNamedObjectPath [0x76EE7B8E+238]\n\nvenv\\Lib\\site-packages\\selenium\\webdriver\\support\\wait.py:95: TimeoutException"}, "start": 1687071472783, "stop": 1687071484230, "uuid": "abffc8aa-6102-411c-8ece-06fca88d5163", "historyId": "05328e04a89f7457c36676261b7a4f01", "testCaseId": "05328e04a89f7457c36676261b7a4f01", "fullName": "tests.test_login#test_successful_registration", "labels": [{"name": "parentSuite", "value": "tests"}, {"name": "suite", "value": "test_login"}, {"name": "host", "value": "A-qtait"}, {"name": "thread", "value": "18608-MainThread"}, {"name": "framework", "value": "pytest"}, {"name": "language", "value": "cpython3"}, {"name": "package", "value": "tests.test_login"}]}