{"name": "test_successful_registration", "status": "broken", "statusDetails": {"message": "selenium.common.exceptions.TimeoutException: Message: \nStacktrace:\nBacktrace:\n\tGetHandleVerifier [0x00CBA813+48355]\n\t(No symbol) [0x00C4C4B1]\n\t(No symbol) [0x00B55358]\n\t(No symbol) [0x00B809A5]\n\t(No symbol) [0x00B80B3B]\n\t(No symbol) [0x00BAE232]\n\t(No symbol) [0x00B9A784]\n\t(No symbol) [0x00BAC922]\n\t(No symbol) [0x00B9A536]\n\t(No symbol) [0x00B782DC]\n\t(No symbol) [0x00B793DD]\n\tGetHandleVerifier [0x00F1AABD+2539405]\n\tGetHandleVerifier [0x00F5A78F+2800735]\n\tGetHandleVerifier [0x00F5456C+2775612]\n\tGetHandleVerifier [0x00D451E0+616112]\n\t(No symbol) [0x00C55F8C]\n\t(No symbol) [0x00C52328]\n\t(No symbol) [0x00C5240B]\n\t(No symbol) [0x00C44FF7]\n\tBaseThreadInitThunk [0x750B00F9+25]\n\tRtlGetAppContainerNamedObjectPath [0x770B7BBE+286]\n\tRtlGetAppContainerNamedObjectPath [0x770B7B8E+238]", "trace": "driver = <selenium.webdriver.chrome.webdriver.WebDriver (session=\"581d3c3de593c5591d3fc93467e30071\")>\n\n    def test_successful_registration(driver):\n        register_page = registerPage(driver)\n        register_page.enter_email(\"rasha05109@gmail.com\")\n        actual_email=register_page.get_email()\n        register_page.enter_password(\"rashtait766g@#\")\n        register_page.click_register_button()\n>       expected_username = register_page.get_the_username_locater()\n\ntests\\test_register.py:50: \n_ _ _ _ _ _ _ _ _ _ _ _ _ _ _ _ _ _ _ _ _ _ _ _ _ _ _ _ _ _ _ _ _ _ _ _ _ _ _ _ _ _ _ _ _ _ _ _ _ _ _ _ _ _ _ _ _ _ _ _ _ _ _ _ _ _ _ _ _ _ _ _ _ _ _ _ _ _ _ _ \npages\\register_page.py:22: in get_the_username_locater\n    element = self.find_the_locater(self.username_locater)\nbase_page.py:24: in find_the_locater\n    username=self.wait.until((EC.presence_of_element_located(locater)))\n_ _ _ _ _ _ _ _ _ _ _ _ _ _ _ _ _ _ _ _ _ _ _ _ _ _ _ _ _ _ _ _ _ _ _ _ _ _ _ _ _ _ _ _ _ _ _ _ _ _ _ _ _ _ _ _ _ _ _ _ _ _ _ _ _ _ _ _ _ _ _ _ _ _ _ _ _ _ _ _ \n\nself = <selenium.webdriver.support.wait.WebDriverWait (session=\"581d3c3de593c5591d3fc93467e30071\")>\nmethod = <function presence_of_element_located.<locals>._predicate at 0x00000237F7A23CE0>, message = ''\n\n    def until(self, method, message: str = \"\"):\n        \"\"\"Calls the method provided with the driver as an argument until the \\\n        return value does not evaluate to ``False``.\n    \n        :param method: callable(WebDriver)\n        :param message: optional message for :exc:`TimeoutException`\n        :returns: the result of the last call to `method`\n        :raises: :exc:`selenium.common.exceptions.TimeoutException` if timeout occurs\n        \"\"\"\n        screen = None\n        stacktrace = None\n    \n        end_time = time.monotonic() + self._timeout\n        while True:\n            try:\n                value = method(self._driver)\n                if value:\n                    return value\n            except self._ignored_exceptions as exc:\n                screen = getattr(exc, \"screen\", None)\n                stacktrace = getattr(exc, \"stacktrace\", None)\n            time.sleep(self._poll)\n            if time.monotonic() > end_time:\n                break\n>       raise TimeoutException(message, screen, stacktrace)\nE       selenium.common.exceptions.TimeoutException: Message: \nE       Stacktrace:\nE       Backtrace:\nE       \tGetHandleVerifier [0x00CBA813+48355]\nE       \t(No symbol) [0x00C4C4B1]\nE       \t(No symbol) [0x00B55358]\nE       \t(No symbol) [0x00B809A5]\nE       \t(No symbol) [0x00B80B3B]\nE       \t(No symbol) [0x00BAE232]\nE       \t(No symbol) [0x00B9A784]\nE       \t(No symbol) [0x00BAC922]\nE       \t(No symbol) [0x00B9A536]\nE       \t(No symbol) [0x00B782DC]\nE       \t(No symbol) [0x00B793DD]\nE       \tGetHandleVerifier [0x00F1AABD+2539405]\nE       \tGetHandleVerifier [0x00F5A78F+2800735]\nE       \tGetHandleVerifier [0x00F5456C+2775612]\nE       \tGetHandleVerifier [0x00D451E0+616112]\nE       \t(No symbol) [0x00C55F8C]\nE       \t(No symbol) [0x00C52328]\nE       \t(No symbol) [0x00C5240B]\nE       \t(No symbol) [0x00C44FF7]\nE       \tBaseThreadInitThunk [0x750B00F9+25]\nE       \tRtlGetAppContainerNamedObjectPath [0x770B7BBE+286]\nE       \tRtlGetAppContainerNamedObjectPath [0x770B7B8E+238]\n\nvenv\\Lib\\site-packages\\selenium\\webdriver\\support\\wait.py:95: TimeoutException"}, "start": 1687137192171, "stop": 1687137203565, "uuid": "d4b1fabc-9025-4b63-8f2f-77aff0f53396", "historyId": "a02af4aa4915182e8584edd2be1f595b", "testCaseId": "a02af4aa4915182e8584edd2be1f595b", "fullName": "tests.test_register#test_successful_registration", "labels": [{"name": "parentSuite", "value": "tests"}, {"name": "suite", "value": "test_register"}, {"name": "host", "value": "A-qtait"}, {"name": "thread", "value": "3228-MainThread"}, {"name": "framework", "value": "pytest"}, {"name": "language", "value": "cpython3"}, {"name": "package", "value": "tests.test_register"}]}